<?xml version="1.0" encoding="UTF-8"?>
<testsuite xmlns:xsi="http://www.w3.org/2001/XMLSchema-instance" xsi:noNamespaceSchemaLocation="https://maven.apache.org/surefire/maven-surefire-plugin/xsd/surefire-test-report.xsd" name="com.yvsistemas.cloudparking.controller.ParkingControllerTest" time="18.836" tests="2" errors="0" skipped="0" failures="0">
  <properties>
[...]
</properties>
  <testcase name="whenCreateThenCheckResult" classname="com.yvsistemas.cloudparking.controller.ParkingControllerTest" time="6.13"/>
  <testcase name="whenFindAllThenCheckResult" classname="com.yvsistemas.cloudparking.controller.ParkingControllerTest" time="0.097"/>
</testsuite>